<?xml version="1.0" encoding="UTF-8"?>
<!-- Generated by org.testng.reporters.JUnitXMLReporter -->
<testsuite ignored="0" hostname="ZAOMPEUCV0049" failures="0" tests="1" name="NPW SA" time="50.455" errors="0" timestamp="2020-09-10T10:23:39 SAST">
  <testcase classname="com.om.framework.basetest.BaseTest" name="@AfterClass closeBrowser" time="0.085">
    <failure type="org.openqa.selenium.WebDriverException" message="chrome not reachable
  (Session info: chrome=78.0.3904.97)
Build info: version: &amp;apos;3.5.3&amp;apos;, revision: &amp;apos;a88d25fe6b&amp;apos;, time: &amp;apos;2017-08-29T12:42:44.417Z&amp;apos;
System info: host: &amp;apos;ZAOMPEUCV0049&amp;apos;, ip: &amp;apos;10.111.74.105&amp;apos;, os.name: &amp;apos;Windows 10&amp;apos;, os.arch: &amp;apos;amd64&amp;apos;, os.version: &amp;apos;10.0&amp;apos;, java.version: &amp;apos;13.0.2&amp;apos;
Driver info: org.openqa.selenium.chrome.ChromeDriver
Capabilities [{networkConnectionEnabled=false, chrome={chromedriverVersion=78.0.3904.105 (60e2d8774a8151efa6a00b1f358371b1e0e07ee2-refs/branch-heads/3904@{#877}), userDataDir=C:\Users\XY58778\AppData\Local\Temp\scoped_dir15756_988051127}, timeouts={implicit=0, pageLoad=300000, script=30000}, pageLoadStrategy=normal, unhandledPromptBehavior=dismiss and notify, strictFileInteractability=false, platform=XP, proxy=Proxy(), goog:chromeOptions={debuggerAddress=localhost:62742}, acceptInsecureCerts=false, browserVersion=78.0.3904.97, browserName=chrome, javascriptEnabled=true, platformName=XP, setWindowRect=true}]
Session ID: 3e1ae090c1e3846d68b79dfa980d79ca">
      <![CDATA[org.openqa.selenium.WebDriverException: chrome not reachable
  (Session info: chrome=78.0.3904.97)
Build info: version: '3.5.3', revision: 'a88d25fe6b', time: '2017-08-29T12:42:44.417Z'
System info: host: 'ZAOMPEUCV0049', ip: '10.111.74.105', os.name: 'Windows 10', os.arch: 'amd64', os.version: '10.0', java.version: '13.0.2'
Driver info: org.openqa.selenium.chrome.ChromeDriver
Capabilities [{networkConnectionEnabled=false, chrome={chromedriverVersion=78.0.3904.105 (60e2d8774a8151efa6a00b1f358371b1e0e07ee2-refs/branch-heads/3904@{#877}), userDataDir=C:\Users\XY58778\AppData\Local\Temp\scoped_dir15756_988051127}, timeouts={implicit=0, pageLoad=300000, script=30000}, pageLoadStrategy=normal, unhandledPromptBehavior=dismiss and notify, strictFileInteractability=false, platform=XP, proxy=Proxy(), goog:chromeOptions={debuggerAddress=localhost:62742}, acceptInsecureCerts=false, browserVersion=78.0.3904.97, browserName=chrome, javascriptEnabled=true, platformName=XP, setWindowRect=true}]
Session ID: 3e1ae090c1e3846d68b79dfa980d79ca
at org.openqa.selenium.remote.http.W3CHttpResponseCodec.createException(W3CHttpResponseCodec.java:185)
at org.openqa.selenium.remote.http.W3CHttpResponseCodec.decode(W3CHttpResponseCodec.java:120)
at org.openqa.selenium.remote.http.W3CHttpResponseCodec.decode(W3CHttpResponseCodec.java:49)
at org.openqa.selenium.remote.HttpCommandExecutor.execute(HttpCommandExecutor.java:164)
at org.openqa.selenium.remote.service.DriverCommandExecutor.execute(DriverCommandExecutor.java:82)
at org.openqa.selenium.remote.RemoteWebDriver.execute(RemoteWebDriver.java:646)
at org.openqa.selenium.remote.RemoteWebDriver.execute(RemoteWebDriver.java:703)
at org.openqa.selenium.remote.RemoteWebDriver.close(RemoteWebDriver.java:532)
at com.om.framework.basetest.BaseTest.closeBrowser(BaseTest.java:257)
at java.base/java.util.ArrayList.forEach(ArrayList.java:1507)
... Removed 39 stack frames]]>
    </failure>
  </testcase> <!-- @AfterClass closeBrowser -->
  <testcase classname="com.npw.smoke.NPW.TC_01_CheckHomePage" name="ChechPage on [TC_01_CheckHomePage passed=0 failed=0 skipped=0]" time="6.942"/>
</testsuite> <!-- NPW SA -->
